[35m[1mScanning dependencies of target health_oper[0m
[ 50%] Built target listener
[ 75%] [32mBuilding CXX object CMakeFiles/health_oper.dir/src/health_oper.cpp.o[0m
[01m[K/home/cjs/Health_Node/ros2_ws/src/pkg01_healthoper_cpp/src/health_oper.cpp:[m[K In member function â€˜[01m[Kvoid HealthOperator::publish_core_info()[m[Kâ€™:
[01m[K/home/cjs/Health_Node/ros2_ws/src/pkg01_healthoper_cpp/src/health_oper.cpp:96:13:[m[K [01;31m[Kerror: [m[Kâ€˜[01m[Kstruct pkg00_base_interfaces::msg::CoreInfo_<std::allocator<void> >[m[Kâ€™ has no member named â€˜[01m[Kstatus[m[Kâ€™; did you mean â€˜[01m[Knic_status[m[Kâ€™?
   96 |     message.[01;31m[Kstatus[m[K = latest_bms_info_.status;
      |             [01;31m[K^~~~~~[m[K
      |             [32m[Knic_status[m[K
[01m[K/home/cjs/Health_Node/ros2_ws/src/pkg01_healthoper_cpp/src/health_oper.cpp:97:13:[m[K [01;31m[Kerror: [m[Kâ€˜[01m[Kstruct pkg00_base_interfaces::msg::CoreInfo_<std::allocator<void> >[m[Kâ€™ has no member named â€˜[01m[Kerror_code[m[Kâ€™
   97 |     message.[01;31m[Kerror_code[m[K = latest_bms_info_.error_code;
      |             [01;31m[K^~~~~~~~~~[m[K
make[2]: *** [CMakeFiles/health_oper.dir/build.make:63: CMakeFiles/health_oper.dir/src/health_oper.cpp.o] Error 1
make[1]: *** [CMakeFiles/Makefile2:134: CMakeFiles/health_oper.dir/all] Error 2
make: *** [Makefile:141: all] Error 2
