[0.030s] Invoking command in '/home/cjs/Health_Node/ros2_ws/build/pkg01_healthoper_cpp': AMENT_PREFIX_PATH=/home/cjs/Health_Node/ros2_ws/install/base_interfaces_demo:${AMENT_PREFIX_PATH} CMAKE_PREFIX_PATH=/home/cjs/Health_Node/ros2_ws/install/base_interfaces_demo:/opt/ros/foxy LD_LIBRARY_PATH=/home/cjs/Health_Node/ros2_ws/install/base_interfaces_demo/lib:${LD_LIBRARY_PATH} PYTHONPATH=/home/cjs/Health_Node/ros2_ws/install/base_interfaces_demo/lib/python3.8/site-packages:${PYTHONPATH} /usr/bin/cmake --build /home/cjs/Health_Node/ros2_ws/build/pkg01_healthoper_cpp -- -j4 -l4
[0.099s] -- Found ament_cmake: 0.9.12 (/opt/ros/foxy/share/ament_cmake/cmake)
[0.135s] -- Using PYTHON_EXECUTABLE: /usr/bin/python3
[0.376s] -- Found rclcpp: 2.4.3 (/opt/ros/foxy/share/rclcpp/cmake)
[0.443s] -- Using all available rosidl_typesupport_c: rosidl_typesupport_fastrtps_c;rosidl_typesupport_introspection_c
[0.451s] -- Found rosidl_adapter: 1.3.1 (/opt/ros/foxy/share/rosidl_adapter/cmake)
[0.622s] -- Using all available rosidl_typesupport_cpp: rosidl_typesupport_fastrtps_cpp;rosidl_typesupport_introspection_cpp
[0.683s] -- Found rmw_implementation_cmake: 1.0.4 (/opt/ros/foxy/share/rmw_implementation_cmake/cmake)
[0.687s] -- Using RMW implementation 'rmw_fastrtps_cpp' as default
[0.902s] -- Found base_interfaces_demo: 0.0.0 (/home/cjs/Health_Node/ros2_ws/install/base_interfaces_demo/share/base_interfaces_demo/cmake)
[1.028s] -- Found ament_lint_auto: 0.9.8 (/opt/ros/foxy/share/ament_lint_auto/cmake)
[1.127s] -- Added test 'copyright' to check source files copyright and LICENSE
[1.128s] -- Added test 'cppcheck' to perform static code analysis on C / C++ code
[1.128s] -- Configured cppcheck include dirs: $<BUILD_INTERFACE:/home/cjs/Health_Node/ros2_ws/src/pkg01_healthoper_cpp/include>
[1.129s] -- Configured cppcheck exclude dirs and/or files: 
[1.130s] -- Added test 'cpplint' to check C / C++ code against the Google style
[1.130s] -- Configured cpplint exclude dirs and/or files: 
[1.130s] -- Added test 'lint_cmake' to check CMake code style
[1.133s] -- Added test 'uncrustify' to check C / C++ code style
[1.133s] -- Configured uncrustify additional arguments: 
[1.134s] -- Added test 'xmllint' to check XML markup files
[1.139s] -- Configuring done
[1.163s] -- Generating done
[1.165s] -- Build files have been written to: /home/cjs/Health_Node/ros2_ws/build/pkg01_healthoper_cpp
[1.222s] [35m[1mScanning dependencies of target listener[0m
[1.230s] [35m[1mScanning dependencies of target health_oper[0m
[1.301s] [ 25%] [32mBuilding CXX object CMakeFiles/listener.dir/src/listener.cpp.o[0m
[1.313s] [ 50%] [32mBuilding CXX object CMakeFiles/health_oper.dir/src/health_oper.cpp.o[0m
[3.906s] [01m[K/home/cjs/Health_Node/ros2_ws/src/pkg01_healthoper_cpp/src/health_oper.cpp:[m[K In member function â€˜[01m[Kvoid HealthOperator::publish_health_node()[m[Kâ€™:
[3.906s] [01m[K/home/cjs/Health_Node/ros2_ws/src/pkg01_healthoper_cpp/src/health_oper.cpp:103:62:[m[K [01;31m[Kerror: [m[Kno match for â€˜[01m[Koperator=[m[Kâ€™ (operand types are â€˜[01m[Kbase_interfaces_demo::msg::HealthNode_<std::allocator<void> >::_error_array_type[m[Kâ€™ {aka â€˜[01m[Kstd::array<long unsigned int, 12>[m[Kâ€™} and â€˜[01m[Kstd::vector<long unsigned int>[m[Kâ€™)
[3.906s]   103 |     health_node_msg.error_array = std::vector<uint64_t>(12, 0[01;31m[K)[m[K; // Fill error_array with 0
[3.906s]       |                                                              [01;31m[K^[m[K
[3.906s] In file included from [01m[K/usr/include/c++/9/tuple:39[m[K,
[3.906s]                  from [01m[K/usr/include/c++/9/bits/unique_ptr.h:37[m[K,
[3.906s]                  from [01m[K/usr/include/c++/9/memory:80[m[K,
[3.906s]                  from [01m[K/opt/ros/foxy/include/rclcpp/rclcpp.hpp:144[m[K,
[3.906s]                  from [01m[K/home/cjs/Health_Node/ros2_ws/src/pkg01_healthoper_cpp/src/health_oper.cpp:1[m[K:
[3.906s] [01m[K/usr/include/c++/9/array:94:12:[m[K [01;36m[Knote: [m[Kcandidate: â€˜[01m[Kconstexpr std::array<long unsigned int, 12>& std::array<long unsigned int, 12>::operator=(const std::array<long unsigned int, 12>&)[m[Kâ€™
[3.906s]    94 |     struct [01;36m[Karray[m[K
[3.906s]       |            [01;36m[K^~~~~[m[K
[3.906s] [01m[K/usr/include/c++/9/array:94:12:[m[K [01;36m[Knote: [m[K  no known conversion for argument 1 from â€˜[01m[Kstd::vector<long unsigned int>[m[Kâ€™ to â€˜[01m[Kconst std::array<long unsigned int, 12>&[m[Kâ€™
[3.906s] [01m[K/usr/include/c++/9/array:94:12:[m[K [01;36m[Knote: [m[Kcandidate: â€˜[01m[Kconstexpr std::array<long unsigned int, 12>& std::array<long unsigned int, 12>::operator=(std::array<long unsigned int, 12>&&)[m[Kâ€™
[3.906s] [01m[K/usr/include/c++/9/array:94:12:[m[K [01;36m[Knote: [m[K  no known conversion for argument 1 from â€˜[01m[Kstd::vector<long unsigned int>[m[Kâ€™ to â€˜[01m[Kstd::array<long unsigned int, 12>&&[m[Kâ€™
[3.906s] [01m[K/home/cjs/Health_Node/ros2_ws/src/pkg01_healthoper_cpp/src/health_oper.cpp:104:21:[m[K [01;31m[Kerror: [m[Kâ€˜[01m[Kstruct base_interfaces_demo::msg::HealthNode_<std::allocator<void> >[m[Kâ€™ has no member named â€˜[01m[Kerror_level[m[Kâ€™
[3.906s]   104 |     health_node_msg.[01;31m[Kerror_level[m[K = 0; // Set error_level to 0
[3.906s]       |                     [01;31m[K^~~~~~~~~~~[m[K
[8.376s] [ 75%] [32m[1mLinking CXX executable listener[0m
[8.891s] [ 75%] Built target listener
[12.721s] [01m[K/home/cjs/Health_Node/ros2_ws/src/pkg01_healthoper_cpp/src/health_oper.cpp:[m[K In member function â€˜[01m[Kdouble HealthOperator::get_temperature()[m[Kâ€™:
[12.722s] [01m[K/home/cjs/Health_Node/ros2_ws/src/pkg01_healthoper_cpp/src/health_oper.cpp:286:3:[m[K [01;35m[Kwarning: [m[Kcontrol reaches end of non-void function [[01;35m[K-Wreturn-type[m[K]
[12.722s]   286 |   [01;35m[K}[m[K
[12.722s]       |   [01;35m[K^[m[K
[13.363s] make[2]: *** [CMakeFiles/health_oper.dir/build.make:63: CMakeFiles/health_oper.dir/src/health_oper.cpp.o] Error 1
[13.364s] make[1]: *** [CMakeFiles/Makefile2:134: CMakeFiles/health_oper.dir/all] Error 2
[13.366s] make: *** [Makefile:141: all] Error 2
[13.374s] Invoked command in '/home/cjs/Health_Node/ros2_ws/build/pkg01_healthoper_cpp' returned '2': AMENT_PREFIX_PATH=/home/cjs/Health_Node/ros2_ws/install/base_interfaces_demo:${AMENT_PREFIX_PATH} CMAKE_PREFIX_PATH=/home/cjs/Health_Node/ros2_ws/install/base_interfaces_demo:/opt/ros/foxy LD_LIBRARY_PATH=/home/cjs/Health_Node/ros2_ws/install/base_interfaces_demo/lib:${LD_LIBRARY_PATH} PYTHONPATH=/home/cjs/Health_Node/ros2_ws/install/base_interfaces_demo/lib/python3.8/site-packages:${PYTHONPATH} /usr/bin/cmake --build /home/cjs/Health_Node/ros2_ws/build/pkg01_healthoper_cpp -- -j4 -l4
