[0.030s] Invoking command in '/home/cjs/Health_Node/ros2_ws/build/pkg01_healthoper_cpp': AMENT_PREFIX_PATH=/home/cjs/Health_Node/ros2_ws/install/pkg00_base_interfaces:${AMENT_PREFIX_PATH} CMAKE_PREFIX_PATH=/home/cjs/Health_Node/ros2_ws/install/pkg00_base_interfaces:/opt/ros/foxy LD_LIBRARY_PATH=/home/cjs/Health_Node/ros2_ws/install/pkg00_base_interfaces/lib:${LD_LIBRARY_PATH} PYTHONPATH=/home/cjs/Health_Node/ros2_ws/install/pkg00_base_interfaces/lib/python3.8/site-packages:${PYTHONPATH} /usr/bin/cmake /home/cjs/Health_Node/ros2_ws/src/pkg01_healthoper_cpp -DCMAKE_INSTALL_PREFIX=/home/cjs/Health_Node/ros2_ws/install/pkg01_healthoper_cpp
[0.143s] -- The C compiler identification is GNU 9.4.0
[0.214s] -- The CXX compiler identification is GNU 9.4.0
[0.218s] -- Check for working C compiler: /usr/bin/cc
[0.329s] -- Check for working C compiler: /usr/bin/cc -- works
[0.338s] -- Detecting C compiler ABI info
[0.444s] -- Detecting C compiler ABI info - done
[0.453s] -- Detecting C compile features
[0.453s] -- Detecting C compile features - done
[0.458s] -- Check for working CXX compiler: /usr/bin/c++
[0.581s] -- Check for working CXX compiler: /usr/bin/c++ -- works
[0.581s] -- Detecting CXX compiler ABI info
[0.723s] -- Detecting CXX compiler ABI info - done
[0.740s] -- Detecting CXX compile features
[0.741s] -- Detecting CXX compile features - done
[0.747s] -- Found ament_cmake: 0.9.12 (/opt/ros/foxy/share/ament_cmake/cmake)
[0.775s] -- Found PythonInterp: /usr/bin/python3 (found suitable version "3.8.10", minimum required is "3") 
[0.775s] -- Using PYTHON_EXECUTABLE: /usr/bin/python3
[1.006s] -- Found rclcpp: 2.4.3 (/opt/ros/foxy/share/rclcpp/cmake)
[1.082s] -- Using all available rosidl_typesupport_c: rosidl_typesupport_fastrtps_c;rosidl_typesupport_introspection_c
[1.090s] -- Found rosidl_adapter: 1.3.1 (/opt/ros/foxy/share/rosidl_adapter/cmake)
[1.233s] -- Found OpenSSL: /usr/lib/x86_64-linux-gnu/libcrypto.so (found version "1.1.1f")  
[1.278s] -- Found FastRTPS: /opt/ros/foxy/include  
[1.367s] -- Using all available rosidl_typesupport_cpp: rosidl_typesupport_fastrtps_cpp;rosidl_typesupport_introspection_cpp
[1.476s] -- Found rmw_implementation_cmake: 1.0.4 (/opt/ros/foxy/share/rmw_implementation_cmake/cmake)
[1.480s] -- Using RMW implementation 'rmw_fastrtps_cpp' as default
[1.485s] -- Looking for pthread.h
[1.639s] -- Looking for pthread.h - found
[1.639s] -- Performing Test CMAKE_HAVE_LIBC_PTHREAD
[1.764s] -- Performing Test CMAKE_HAVE_LIBC_PTHREAD - Failed
[1.764s] -- Looking for pthread_create in pthreads
[1.880s] -- Looking for pthread_create in pthreads - not found
[1.880s] -- Looking for pthread_create in pthread
[2.014s] -- Looking for pthread_create in pthread - found
[2.015s] -- Found Threads: TRUE  
[2.252s] -- Found pkg00_base_interfaces: 0.0.0 (/home/cjs/Health_Node/ros2_ws/install/pkg00_base_interfaces/share/pkg00_base_interfaces/cmake)
[2.266s] -- Found ament_lint_auto: 0.9.8 (/opt/ros/foxy/share/ament_lint_auto/cmake)
[2.346s] -- Added test 'copyright' to check source files copyright and LICENSE
[2.350s] -- Added test 'cppcheck' to perform static code analysis on C / C++ code
[2.350s] -- Configured cppcheck include dirs: $<BUILD_INTERFACE:/home/cjs/Health_Node/ros2_ws/src/pkg01_healthoper_cpp/include>
[2.350s] -- Configured cppcheck exclude dirs and/or files: 
[2.351s] -- Added test 'cpplint' to check C / C++ code against the Google style
[2.351s] -- Configured cpplint exclude dirs and/or files: 
[2.352s] -- Added test 'lint_cmake' to check CMake code style
[2.354s] -- Added test 'uncrustify' to check C / C++ code style
[2.354s] -- Configured uncrustify additional arguments: 
[2.354s] -- Added test 'xmllint' to check XML markup files
[2.362s] -- Configuring done
[2.376s] -- Generating done
[2.378s] -- Build files have been written to: /home/cjs/Health_Node/ros2_ws/build/pkg01_healthoper_cpp
[2.390s] Invoked command in '/home/cjs/Health_Node/ros2_ws/build/pkg01_healthoper_cpp' returned '0': AMENT_PREFIX_PATH=/home/cjs/Health_Node/ros2_ws/install/pkg00_base_interfaces:${AMENT_PREFIX_PATH} CMAKE_PREFIX_PATH=/home/cjs/Health_Node/ros2_ws/install/pkg00_base_interfaces:/opt/ros/foxy LD_LIBRARY_PATH=/home/cjs/Health_Node/ros2_ws/install/pkg00_base_interfaces/lib:${LD_LIBRARY_PATH} PYTHONPATH=/home/cjs/Health_Node/ros2_ws/install/pkg00_base_interfaces/lib/python3.8/site-packages:${PYTHONPATH} /usr/bin/cmake /home/cjs/Health_Node/ros2_ws/src/pkg01_healthoper_cpp -DCMAKE_INSTALL_PREFIX=/home/cjs/Health_Node/ros2_ws/install/pkg01_healthoper_cpp
[2.391s] Invoking command in '/home/cjs/Health_Node/ros2_ws/build/pkg01_healthoper_cpp': AMENT_PREFIX_PATH=/home/cjs/Health_Node/ros2_ws/install/pkg00_base_interfaces:${AMENT_PREFIX_PATH} CMAKE_PREFIX_PATH=/home/cjs/Health_Node/ros2_ws/install/pkg00_base_interfaces:/opt/ros/foxy LD_LIBRARY_PATH=/home/cjs/Health_Node/ros2_ws/install/pkg00_base_interfaces/lib:${LD_LIBRARY_PATH} PYTHONPATH=/home/cjs/Health_Node/ros2_ws/install/pkg00_base_interfaces/lib/python3.8/site-packages:${PYTHONPATH} /usr/bin/cmake --build /home/cjs/Health_Node/ros2_ws/build/pkg01_healthoper_cpp -- -j4 -l4
[2.474s] [35m[1mScanning dependencies of target listener[0m
[2.476s] [35m[1mScanning dependencies of target health_oper[0m
[2.660s] [ 25%] [32mBuilding CXX object CMakeFiles/listener.dir/src/listener.cpp.o[0m
[2.669s] [ 50%] [32mBuilding CXX object CMakeFiles/health_oper.dir/src/health_oper.cpp.o[0m
[4.453s] [01m[K/home/cjs/Health_Node/ros2_ws/src/pkg01_healthoper_cpp/src/health_oper.cpp:68:61:[m[K [01;31m[Kerror: [m[Kâ€˜[01m[KLiftInfo[m[Kâ€™ in namespace â€˜[01m[Kpkg00_base_interfaces::msg[m[Kâ€™ does not name a type
[4.454s]    68 |   void lift_info_callback(const pkg00_base_interfaces::msg::[01;31m[KLiftInfo[m[K::SharedPtr msg) {
[4.454s]       |                                                             [01;31m[K^~~~~~~~[m[K
[4.454s] [01m[K/home/cjs/Health_Node/ros2_ws/src/pkg01_healthoper_cpp/src/health_oper.cpp:68:81:[m[K [01;31m[Kerror: [m[Kexpected unqualified-id before â€˜[01m[Kmsg[m[Kâ€™
[4.454s]    68 |   void lift_info_callback(const pkg00_base_interfaces::msg::LiftInfo::SharedPtr [01;31m[Kmsg[m[K) {
[4.454s]       |                                                                                 [01;31m[K^~~[m[K
[4.454s] [01m[K/home/cjs/Health_Node/ros2_ws/src/pkg01_healthoper_cpp/src/health_oper.cpp:68:80:[m[K [01;31m[Kerror: [m[Kexpected â€˜[01m[K)[m[Kâ€™ before â€˜[01m[Kmsg[m[Kâ€™
[4.454s]    68 |   void lift_info_callback[34m[K([m[Kconst pkg00_base_interfaces::msg::LiftInfo::SharedPtr[01;31m[K [m[K[32m[Kmsg[m[K) {
[4.454s]       |                          [34m[K~[m[K                                                     [01;31m[K^[m[K[32m[K~~~[m[K
[4.454s]       |                                                                                [32m[K)[m[K
[4.454s] [01m[K/home/cjs/Health_Node/ros2_ws/src/pkg01_healthoper_cpp/src/health_oper.cpp:68:71:[m[K [01;31m[Kerror: [m[Kexpected â€˜[01m[K;[m[Kâ€™ at end of member declaration
[4.460s]    68 |   void lift_info_callback(const pkg00_base_interfaces::msg::LiftInfo::[01;31m[KSharedPtr[m[K msg) {
[4.460s]       |                                                                       [01;31m[K^~~~~~~~~[m[K
[4.460s]       |                                                                                [32m[K;[m[K
[4.461s] [01m[K/home/cjs/Health_Node/ros2_ws/src/pkg01_healthoper_cpp/src/health_oper.cpp:68:81:[m[K [01;31m[Kerror: [m[Kâ€˜[01m[Kmsg[m[Kâ€™ does not name a type
[4.461s]    68 |   void lift_info_callback(const pkg00_base_interfaces::msg::LiftInfo::SharedPtr [01;31m[Kmsg[m[K) {
[4.462s]       |                                                                                 [01;31m[K^~~[m[K
[4.462s] [01m[K/home/cjs/Health_Node/ros2_ws/src/pkg01_healthoper_cpp/src/health_oper.cpp:88:60:[m[K [01;31m[Kerror: [m[Kâ€˜[01m[KSeekRet[m[Kâ€™ in namespace â€˜[01m[Kpkg00_base_interfaces::msg[m[Kâ€™ does not name a type
[4.462s]    88 |   void seek_ret_callback(const pkg00_base_interfaces::msg::[01;31m[KSeekRet[m[K::SharedPtr msg) {
[4.462s]       |                                                            [01;31m[K^~~~~~~[m[K
[4.462s] [01m[K/home/cjs/Health_Node/ros2_ws/src/pkg01_healthoper_cpp/src/health_oper.cpp:88:79:[m[K [01;31m[Kerror: [m[Kexpected unqualified-id before â€˜[01m[Kmsg[m[Kâ€™
[4.462s]    88 |   void seek_ret_callback(const pkg00_base_interfaces::msg::SeekRet::SharedPtr [01;31m[Kmsg[m[K) {
[4.463s]       |                                                                               [01;31m[K^~~[m[K
[4.463s] [01m[K/home/cjs/Health_Node/ros2_ws/src/pkg01_healthoper_cpp/src/health_oper.cpp:88:78:[m[K [01;31m[Kerror: [m[Kexpected â€˜[01m[K)[m[Kâ€™ before â€˜[01m[Kmsg[m[Kâ€™
[4.463s]    88 |   void seek_ret_callback[34m[K([m[Kconst pkg00_base_interfaces::msg::SeekRet::SharedPtr[01;31m[K [m[K[32m[Kmsg[m[K) {
[4.463s]       |                         [34m[K~[m[K                                                    [01;31m[K^[m[K[32m[K~~~[m[K
[4.463s]       |                                                                              [32m[K)[m[K
[4.463s] [01m[K/home/cjs/Health_Node/ros2_ws/src/pkg01_healthoper_cpp/src/health_oper.cpp:88:69:[m[K [01;31m[Kerror: [m[Kexpected â€˜[01m[K;[m[Kâ€™ at end of member declaration
[4.464s]    88 |   void seek_ret_callback(const pkg00_base_interfaces::msg::SeekRet::[01;31m[KSharedPtr[m[K msg) {
[4.464s]       |                                                                     [01;31m[K^~~~~~~~~[m[K
[4.464s]       |                                                                              [32m[K;[m[K
[4.464s] [01m[K/home/cjs/Health_Node/ros2_ws/src/pkg01_healthoper_cpp/src/health_oper.cpp:88:79:[m[K [01;31m[Kerror: [m[Kâ€˜[01m[Kmsg[m[Kâ€™ does not name a type
[4.464s]    88 |   void seek_ret_callback(const pkg00_base_interfaces::msg::SeekRet::SharedPtr [01;31m[Kmsg[m[K) {
[4.465s]       |                                                                               [01;31m[K^~~[m[K
[4.465s] [01m[K/home/cjs/Health_Node/ros2_ws/src/pkg01_healthoper_cpp/src/health_oper.cpp:92:65:[m[K [01;31m[Kerror: [m[Kâ€˜[01m[KSystemStatus[m[Kâ€™ in namespace â€˜[01m[Kpkg00_base_interfaces::msg[m[Kâ€™ does not name a type
[4.465s]    92 |   void system_status_callback(const pkg00_base_interfaces::msg::[01;31m[KSystemStatus[m[K::SharedPtr msg) {
[4.465s]       |                                                                 [01;31m[K^~~~~~~~~~~~[m[K
[4.465s] [01m[K/home/cjs/Health_Node/ros2_ws/src/pkg01_healthoper_cpp/src/health_oper.cpp:92:89:[m[K [01;31m[Kerror: [m[Kexpected unqualified-id before â€˜[01m[Kmsg[m[Kâ€™
[4.465s]    92 |   void system_status_callback(const pkg00_base_interfaces::msg::SystemStatus::SharedPtr [01;31m[Kmsg[m[K) {
[4.465s]       |                                                                                         [01;31m[K^~~[m[K
[4.465s] [01m[K/home/cjs/Health_Node/ros2_ws/src/pkg01_healthoper_cpp/src/health_oper.cpp:92:88:[m[K [01;31m[Kerror: [m[Kexpected â€˜[01m[K)[m[Kâ€™ before â€˜[01m[Kmsg[m[Kâ€™
[4.466s]    92 |   void system_status_callback[34m[K([m[Kconst pkg00_base_interfaces::msg::SystemStatus::SharedPtr[01;31m[K [m[K[32m[Kmsg[m[K) {
[4.466s]       |                              [34m[K~[m[K                                                         [01;31m[K^[m[K[32m[K~~~[m[K
[4.466s]       |                                                                                        [32m[K)[m[K
[4.466s] [01m[K/home/cjs/Health_Node/ros2_ws/src/pkg01_healthoper_cpp/src/health_oper.cpp:92:79:[m[K [01;31m[Kerror: [m[Kexpected â€˜[01m[K;[m[Kâ€™ at end of member declaration
[4.466s]    92 |   void system_status_callback(const pkg00_base_interfaces::msg::SystemStatus::[01;31m[KSharedPtr[m[K msg) {
[4.466s]       |                                                                               [01;31m[K^~~~~~~~~[m[K
[4.466s]       |                                                                                        [32m[K;[m[K
[4.466s] [01m[K/home/cjs/Health_Node/ros2_ws/src/pkg01_healthoper_cpp/src/health_oper.cpp:92:89:[m[K [01;31m[Kerror: [m[Kâ€˜[01m[Kmsg[m[Kâ€™ does not name a type
[4.467s]    92 |   void system_status_callback(const pkg00_base_interfaces::msg::SystemStatus::SharedPtr [01;31m[Kmsg[m[K) {
[4.467s]       |                                                                                         [01;31m[K^~~[m[K
[4.555s] [01m[K/home/cjs/Health_Node/ros2_ws/src/pkg01_healthoper_cpp/src/health_oper.cpp:292:52:[m[K [01;31m[Kerror: [m[Kâ€˜[01m[KLiftInfo[m[Kâ€™ is not a member of â€˜[01m[Kpkg00_base_interfaces::msg[m[Kâ€™
[4.555s]   292 |   rclcpp::Subscription<pkg00_base_interfaces::msg::[01;31m[KLiftInfo[m[K>::SharedPtr subscriber_lift_;
[4.555s]       |                                                    [01;31m[K^~~~~~~~[m[K
[4.556s] [01m[K/home/cjs/Health_Node/ros2_ws/src/pkg01_healthoper_cpp/src/health_oper.cpp:292:52:[m[K [01;31m[Kerror: [m[Kâ€˜[01m[KLiftInfo[m[Kâ€™ is not a member of â€˜[01m[Kpkg00_base_interfaces::msg[m[Kâ€™
[4.557s] [01m[K/home/cjs/Health_Node/ros2_ws/src/pkg01_healthoper_cpp/src/health_oper.cpp:292:60:[m[K [01;31m[Kerror: [m[Ktemplate argument 1 is invalid
[4.557s]   292 |   rclcpp::Subscription<pkg00_base_interfaces::msg::LiftInfo[01;31m[K>[m[K::SharedPtr subscriber_lift_;
[4.557s]       |                                                            [01;31m[K^[m[K
[4.557s] [01m[K/home/cjs/Health_Node/ros2_ws/src/pkg01_healthoper_cpp/src/health_oper.cpp:292:60:[m[K [01;31m[Kerror: [m[Ktemplate argument 3 is invalid
[4.557s] [01m[K/home/cjs/Health_Node/ros2_ws/src/pkg01_healthoper_cpp/src/health_oper.cpp:292:63:[m[K [01;31m[Kerror: [m[Kexpected â€˜[01m[K;[m[Kâ€™ at end of member declaration
[4.557s]   292 |   rclcpp::Subscription<pkg00_base_interfaces::msg::LiftInfo>::[01;31m[KSharedPtr[m[K subscriber_lift_;
[4.557s]       |                                                               [01;31m[K^~~~~~~~~[m[K
[4.557s]       |                                                                        [32m[K;[m[K
[4.568s] [01m[K/home/cjs/Health_Node/ros2_ws/src/pkg01_healthoper_cpp/src/health_oper.cpp:292:73:[m[K [01;31m[Kerror: [m[Kâ€˜[01m[Ksubscriber_lift_[m[Kâ€™ does not name a type
[4.568s]   292 |   rclcpp::Subscription<pkg00_base_interfaces::msg::LiftInfo>::SharedPtr [01;31m[Ksubscriber_lift_[m[K;
[4.568s]       |                                                                         [01;31m[K^~~~~~~~~~~~~~~~[m[K
[4.688s] [01m[K/home/cjs/Health_Node/ros2_ws/src/pkg01_healthoper_cpp/src/health_oper.cpp:297:52:[m[K [01;31m[Kerror: [m[Kâ€˜[01m[KSeekRet[m[Kâ€™ is not a member of â€˜[01m[Kpkg00_base_interfaces::msg[m[Kâ€™
[4.688s]   297 |   rclcpp::Subscription<pkg00_base_interfaces::msg::[01;31m[KSeekRet[m[K>::SharedPtr subscriber_seek_ret_;
[4.688s]       |                                                    [01;31m[K^~~~~~~[m[K
[4.688s] [01m[K/home/cjs/Health_Node/ros2_ws/src/pkg01_healthoper_cpp/src/health_oper.cpp:297:52:[m[K [01;31m[Kerror: [m[Kâ€˜[01m[KSeekRet[m[Kâ€™ is not a member of â€˜[01m[Kpkg00_base_interfaces::msg[m[Kâ€™
[4.688s] [01m[K/home/cjs/Health_Node/ros2_ws/src/pkg01_healthoper_cpp/src/health_oper.cpp:297:59:[m[K [01;31m[Kerror: [m[Ktemplate argument 1 is invalid
[4.688s]   297 |   rclcpp::Subscription<pkg00_base_interfaces::msg::SeekRet[01;31m[K>[m[K::SharedPtr subscriber_seek_ret_;
[4.688s]       |                                                           [01;31m[K^[m[K
[4.688s] [01m[K/home/cjs/Health_Node/ros2_ws/src/pkg01_healthoper_cpp/src/health_oper.cpp:297:59:[m[K [01;31m[Kerror: [m[Ktemplate argument 3 is invalid
[4.688s] [01m[K/home/cjs/Health_Node/ros2_ws/src/pkg01_healthoper_cpp/src/health_oper.cpp:297:62:[m[K [01;31m[Kerror: [m[Kexpected â€˜[01m[K;[m[Kâ€™ at end of member declaration
[4.688s]   297 |   rclcpp::Subscription<pkg00_base_interfaces::msg::SeekRet>::[01;31m[KSharedPtr[m[K subscriber_seek_ret_;
[4.688s]       |                                                              [01;31m[K^~~~~~~~~[m[K
[4.688s]       |                                                                       [32m[K;[m[K
[4.688s] [01m[K/home/cjs/Health_Node/ros2_ws/src/pkg01_healthoper_cpp/src/health_oper.cpp:297:62:[m[K [01;31m[Kerror: [m[Kredeclaration of â€˜[01m[Kint HealthOperator::SharedPtr[m[Kâ€™
[4.688s] [01m[K/home/cjs/Health_Node/ros2_ws/src/pkg01_healthoper_cpp/src/health_oper.cpp:292:63:[m[K [01;36m[Knote: [m[Kprevious declaration â€˜[01m[Kint HealthOperator::SharedPtr[m[Kâ€™
[4.688s]   292 |   rclcpp::Subscription<pkg00_base_interfaces::msg::LiftInfo>::[01;36m[KSharedPtr[m[K subscriber_lift_;
[4.688s]       |                                                               [01;36m[K^~~~~~~~~[m[K
[4.695s] [01m[K/home/cjs/Health_Node/ros2_ws/src/pkg01_healthoper_cpp/src/health_oper.cpp:297:72:[m[K [01;31m[Kerror: [m[Kâ€˜[01m[Ksubscriber_seek_ret_[m[Kâ€™ does not name a type
[4.695s]   297 |   rclcpp::Subscription<pkg00_base_interfaces::msg::SeekRet>::SharedPtr [01;31m[Ksubscriber_seek_ret_[m[K;
[4.695s]       |                                                                        [01;31m[K^~~~~~~~~~~~~~~~~~~~[m[K
[4.696s] [01m[K/home/cjs/Health_Node/ros2_ws/src/pkg01_healthoper_cpp/src/health_oper.cpp:298:52:[m[K [01;31m[Kerror: [m[Kâ€˜[01m[KSystemStatus[m[Kâ€™ is not a member of â€˜[01m[Kpkg00_base_interfaces::msg[m[Kâ€™
[4.696s]   298 |   rclcpp::Subscription<pkg00_base_interfaces::msg::[01;31m[KSystemStatus[m[K>::SharedPtr subscriber_system_status_;
[4.696s]       |                                                    [01;31m[K^~~~~~~~~~~~[m[K
[4.697s] [01m[K/home/cjs/Health_Node/ros2_ws/src/pkg01_healthoper_cpp/src/health_oper.cpp:298:52:[m[K [01;31m[Kerror: [m[Kâ€˜[01m[KSystemStatus[m[Kâ€™ is not a member of â€˜[01m[Kpkg00_base_interfaces::msg[m[Kâ€™
[4.697s] [01m[K/home/cjs/Health_Node/ros2_ws/src/pkg01_healthoper_cpp/src/health_oper.cpp:298:64:[m[K [01;31m[Kerror: [m[Ktemplate argument 1 is invalid
[4.697s]   298 |   rclcpp::Subscription<pkg00_base_interfaces::msg::SystemStatus[01;31m[K>[m[K::SharedPtr subscriber_system_status_;
[4.697s]       |                                                                [01;31m[K^[m[K
[4.697s] [01m[K/home/cjs/Health_Node/ros2_ws/src/pkg01_healthoper_cpp/src/health_oper.cpp:298:64:[m[K [01;31m[Kerror: [m[Ktemplate argument 3 is invalid
[4.697s] [01m[K/home/cjs/Health_Node/ros2_ws/src/pkg01_healthoper_cpp/src/health_oper.cpp:298:67:[m[K [01;31m[Kerror: [m[Kexpected â€˜[01m[K;[m[Kâ€™ at end of member declaration
[4.697s]   298 |   rclcpp::Subscription<pkg00_base_interfaces::msg::SystemStatus>::[01;31m[KSharedPtr[m[K subscriber_system_status_;
[4.697s]       |                                                                   [01;31m[K^~~~~~~~~[m[K
[4.698s]       |                                                                            [32m[K;[m[K
[4.698s] [01m[K/home/cjs/Health_Node/ros2_ws/src/pkg01_healthoper_cpp/src/health_oper.cpp:298:67:[m[K [01;31m[Kerror: [m[Kredeclaration of â€˜[01m[Kint HealthOperator::SharedPtr[m[Kâ€™
[4.698s] [01m[K/home/cjs/Health_Node/ros2_ws/src/pkg01_healthoper_cpp/src/health_oper.cpp:292:63:[m[K [01;36m[Knote: [m[Kprevious declaration â€˜[01m[Kint HealthOperator::SharedPtr[m[Kâ€™
[4.698s]   292 |   rclcpp::Subscription<pkg00_base_interfaces::msg::LiftInfo>::[01;36m[KSharedPtr[m[K subscriber_lift_;
[4.698s]       |                                                               [01;36m[K^~~~~~~~~[m[K
[4.708s] [01m[K/home/cjs/Health_Node/ros2_ws/src/pkg01_healthoper_cpp/src/health_oper.cpp:298:77:[m[K [01;31m[Kerror: [m[Kâ€˜[01m[Ksubscriber_system_status_[m[Kâ€™ does not name a type
[4.708s]   298 |   rclcpp::Subscription<pkg00_base_interfaces::msg::SystemStatus>::SharedPtr [01;31m[Ksubscriber_system_status_[m[K;
[4.709s]       |                                                                             [01;31m[K^~~~~~~~~~~~~~~~~~~~~~~~~[m[K
[4.709s] [01m[K/home/cjs/Health_Node/ros2_ws/src/pkg01_healthoper_cpp/src/health_oper.cpp:306:31:[m[K [01;31m[Kerror: [m[Kâ€˜[01m[KLiftInfo[m[Kâ€™ in namespace â€˜[01m[Kpkg00_base_interfaces::msg[m[Kâ€™ does not name a type
[4.709s]   306 |   pkg00_base_interfaces::msg::[01;31m[KLiftInfo[m[K latest_lift_info_;
[4.709s]       |                               [01;31m[K^~~~~~~~[m[K
[4.709s] [01m[K/home/cjs/Health_Node/ros2_ws/src/pkg01_healthoper_cpp/src/health_oper.cpp:311:31:[m[K [01;31m[Kerror: [m[Kâ€˜[01m[KSeekRet[m[Kâ€™ in namespace â€˜[01m[Kpkg00_base_interfaces::msg[m[Kâ€™ does not name a type
[4.709s]   311 |   pkg00_base_interfaces::msg::[01;31m[KSeekRet[m[K latest_seek_ret_;
[4.709s]       |                               [01;31m[K^~~~~~~[m[K
[4.709s] [01m[K/home/cjs/Health_Node/ros2_ws/src/pkg01_healthoper_cpp/src/health_oper.cpp:312:31:[m[K [01;31m[Kerror: [m[Kâ€˜[01m[KSystemStatus[m[Kâ€™ in namespace â€˜[01m[Kpkg00_base_interfaces::msg[m[Kâ€™ does not name a type
[4.709s]   312 |   pkg00_base_interfaces::msg::[01;31m[KSystemStatus[m[K latest_system_status_;
[4.709s]       |                               [01;31m[K^~~~~~~~~~~~[m[K
[4.813s] [01m[K/home/cjs/Health_Node/ros2_ws/src/pkg01_healthoper_cpp/src/health_oper.cpp:[m[K In member function â€˜[01m[Kvoid HealthOperator::publish_core_info()[m[Kâ€™:
[4.814s] [01m[K/home/cjs/Health_Node/ros2_ws/src/pkg01_healthoper_cpp/src/health_oper.cpp:108:13:[m[K [01;31m[Kerror: [m[Kâ€˜[01m[Kstruct pkg00_base_interfaces::msg::CoreInfo_<std::allocator<void> >[m[Kâ€™ has no member named â€˜[01m[Kstatus[m[Kâ€™; did you mean â€˜[01m[Knic_status[m[Kâ€™?
[4.814s]   108 |     message.[01;31m[Kstatus[m[K = latest_bms_info_.status;
[4.814s]       |             [01;31m[K^~~~~~[m[K
[4.814s]       |             [32m[Knic_status[m[K
[4.814s] [01m[K/home/cjs/Health_Node/ros2_ws/src/pkg01_healthoper_cpp/src/health_oper.cpp:109:13:[m[K [01;31m[Kerror: [m[Kâ€˜[01m[Kstruct pkg00_base_interfaces::msg::CoreInfo_<std::allocator<void> >[m[Kâ€™ has no member named â€˜[01m[Kerror_code[m[Kâ€™
[4.814s]   109 |     message.[01;31m[Kerror_code[m[K = latest_bms_info_.error_code;
[4.814s]       |             [01;31m[K^~~~~~~~~~[m[K
[8.888s] [ 75%] [32m[1mLinking CXX executable listener[0m
[9.319s] [ 75%] Built target listener
[12.720s] make[2]: *** [CMakeFiles/health_oper.dir/build.make:63: CMakeFiles/health_oper.dir/src/health_oper.cpp.o] Error 1
[12.721s] make[1]: *** [CMakeFiles/Makefile2:134: CMakeFiles/health_oper.dir/all] Error 2
[12.721s] make: *** [Makefile:141: all] Error 2
[12.730s] Invoked command in '/home/cjs/Health_Node/ros2_ws/build/pkg01_healthoper_cpp' returned '2': AMENT_PREFIX_PATH=/home/cjs/Health_Node/ros2_ws/install/pkg00_base_interfaces:${AMENT_PREFIX_PATH} CMAKE_PREFIX_PATH=/home/cjs/Health_Node/ros2_ws/install/pkg00_base_interfaces:/opt/ros/foxy LD_LIBRARY_PATH=/home/cjs/Health_Node/ros2_ws/install/pkg00_base_interfaces/lib:${LD_LIBRARY_PATH} PYTHONPATH=/home/cjs/Health_Node/ros2_ws/install/pkg00_base_interfaces/lib/python3.8/site-packages:${PYTHONPATH} /usr/bin/cmake --build /home/cjs/Health_Node/ros2_ws/build/pkg01_healthoper_cpp -- -j4 -l4
